<?xml version="1.0" encoding="UTF-8"?>
<!-- Generated by org.testng.reporters.JUnitReportReporter -->
<testsuite hostname="PujaManish" failures="0" tests="2" name="TestScript.LoginTest" time="10.353" errors="0" timestamp="2025-05-28T11:25:51 IST" skipped="0">
  <testcase classname="TestScript.LoginTest" name="InvalidCredentials" time="5.930"/>
  <testcase classname="TestScript.LoginTest" name="validCredentials" time="4.423"/>
</testsuite> <!-- TestScript.LoginTest -->
